<?xml version="1.0" encoding="UTF-8"?>
<testsuite xmlns:xsi="http://www.w3.org/2001/XMLSchema-instance" xsi:noNamespaceSchemaLocation="https://maven.apache.org/surefire/maven-surefire-plugin/xsd/surefire-test-report.xsd" name="com.browserstack.run_first_test.FirstTest" time="103.288" tests="6" errors="5" skipped="0" failures="0">
  <properties>
    <property name="sun.desktop" value="windows"/>
    <property name="awt.toolkit" value="sun.awt.windows.WToolkit"/>
    <property name="file.encoding.pkg" value="sun.io"/>
    <property name="java.specification.version" value="1.8"/>
    <property name="sun.cpu.isalist" value="amd64"/>
    <property name="sun.jnu.encoding" value="Cp1252"/>
    <property name="java.class.path" value="C:\Users\CAF\Documents\Miguel&apos;s Projects\automatedTests\junit-appium-app-browserstack\android\junit5-examples\target\test-classes;C:\Users\CAF\Documents\Miguel&apos;s Projects\automatedTests\junit-appium-app-browserstack\android\junit5-examples\target\classes;C:\Users\CAF\.m2\repository\org\junit\jupiter\junit-jupiter-engine\5.5.2\junit-jupiter-engine-5.5.2.jar;C:\Users\CAF\.m2\repository\org\apiguardian\apiguardian-api\1.1.0\apiguardian-api-1.1.0.jar;C:\Users\CAF\.m2\repository\org\junit\platform\junit-platform-engine\1.5.2\junit-platform-engine-1.5.2.jar;C:\Users\CAF\.m2\repository\org\opentest4j\opentest4j\1.2.0\opentest4j-1.2.0.jar;C:\Users\CAF\.m2\repository\org\junit\platform\junit-platform-commons\1.5.2\junit-platform-commons-1.5.2.jar;C:\Users\CAF\.m2\repository\org\junit\jupiter\junit-jupiter-api\5.5.2\junit-jupiter-api-5.5.2.jar;C:\Users\CAF\.m2\repository\org\junit\jupiter\junit-jupiter-params\5.5.2\junit-jupiter-params-5.5.2.jar;C:\Users\CAF\.m2\repository\commons-io\commons-io\1.3.2\commons-io-1.3.2.jar;C:\Users\CAF\.m2\repository\org\seleniumhq\selenium\selenium-java\3.141.59\selenium-java-3.141.59.jar;C:\Users\CAF\.m2\repository\org\seleniumhq\selenium\selenium-api\3.141.59\selenium-api-3.141.59.jar;C:\Users\CAF\.m2\repository\org\seleniumhq\selenium\selenium-chrome-driver\3.141.59\selenium-chrome-driver-3.141.59.jar;C:\Users\CAF\.m2\repository\org\seleniumhq\selenium\selenium-edge-driver\3.141.59\selenium-edge-driver-3.141.59.jar;C:\Users\CAF\.m2\repository\org\seleniumhq\selenium\selenium-firefox-driver\3.141.59\selenium-firefox-driver-3.141.59.jar;C:\Users\CAF\.m2\repository\org\seleniumhq\selenium\selenium-ie-driver\3.141.59\selenium-ie-driver-3.141.59.jar;C:\Users\CAF\.m2\repository\org\seleniumhq\selenium\selenium-opera-driver\3.141.59\selenium-opera-driver-3.141.59.jar;C:\Users\CAF\.m2\repository\org\seleniumhq\selenium\selenium-remote-driver\3.141.59\selenium-remote-driver-3.141.59.jar;C:\Users\CAF\.m2\repository\org\seleniumhq\selenium\selenium-safari-driver\3.141.59\selenium-safari-driver-3.141.59.jar;C:\Users\CAF\.m2\repository\org\seleniumhq\selenium\selenium-support\3.141.59\selenium-support-3.141.59.jar;C:\Users\CAF\.m2\repository\net\bytebuddy\byte-buddy\1.8.15\byte-buddy-1.8.15.jar;C:\Users\CAF\.m2\repository\org\apache\commons\commons-exec\1.3\commons-exec-1.3.jar;C:\Users\CAF\.m2\repository\com\google\guava\guava\25.0-jre\guava-25.0-jre.jar;C:\Users\CAF\.m2\repository\com\google\code\findbugs\jsr305\1.3.9\jsr305-1.3.9.jar;C:\Users\CAF\.m2\repository\org\checkerframework\checker-compat-qual\2.0.0\checker-compat-qual-2.0.0.jar;C:\Users\CAF\.m2\repository\com\google\errorprone\error_prone_annotations\2.1.3\error_prone_annotations-2.1.3.jar;C:\Users\CAF\.m2\repository\com\google\j2objc\j2objc-annotations\1.1\j2objc-annotations-1.1.jar;C:\Users\CAF\.m2\repository\org\codehaus\mojo\animal-sniffer-annotations\1.14\animal-sniffer-annotations-1.14.jar;C:\Users\CAF\.m2\repository\com\squareup\okhttp3\okhttp\3.11.0\okhttp-3.11.0.jar;C:\Users\CAF\.m2\repository\com\squareup\okio\okio\1.14.0\okio-1.14.0.jar;C:\Users\CAF\.m2\repository\io\appium\java-client\7.0.0\java-client-7.0.0.jar;C:\Users\CAF\.m2\repository\com\google\code\gson\gson\2.8.5\gson-2.8.5.jar;C:\Users\CAF\.m2\repository\org\apache\httpcomponents\httpclient\4.5.6\httpclient-4.5.6.jar;C:\Users\CAF\.m2\repository\org\apache\httpcomponents\httpcore\4.4.10\httpcore-4.4.10.jar;C:\Users\CAF\.m2\repository\commons-logging\commons-logging\1.2\commons-logging-1.2.jar;C:\Users\CAF\.m2\repository\commons-codec\commons-codec\1.10\commons-codec-1.10.jar;C:\Users\CAF\.m2\repository\cglib\cglib\3.2.8\cglib-3.2.8.jar;C:\Users\CAF\.m2\repository\org\ow2\asm\asm\6.2.1\asm-6.2.1.jar;C:\Users\CAF\.m2\repository\org\apache\ant\ant\1.10.3\ant-1.10.3.jar;C:\Users\CAF\.m2\repository\org\apache\ant\ant-launcher\1.10.3\ant-launcher-1.10.3.jar;C:\Users\CAF\.m2\repository\commons-validator\commons-validator\1.6\commons-validator-1.6.jar;C:\Users\CAF\.m2\repository\commons-beanutils\commons-beanutils\1.9.2\commons-beanutils-1.9.2.jar;C:\Users\CAF\.m2\repository\commons-digester\commons-digester\1.8.1\commons-digester-1.8.1.jar;C:\Users\CAF\.m2\repository\commons-collections\commons-collections\3.2.2\commons-collections-3.2.2.jar;C:\Users\CAF\.m2\repository\org\apache\commons\commons-lang3\3.8\commons-lang3-3.8.jar;C:\Users\CAF\.m2\repository\org\springframework\spring-context\5.1.0.RELEASE\spring-context-5.1.0.RELEASE.jar;C:\Users\CAF\.m2\repository\org\springframework\spring-aop\5.1.0.RELEASE\spring-aop-5.1.0.RELEASE.jar;C:\Users\CAF\.m2\repository\org\springframework\spring-beans\5.1.0.RELEASE\spring-beans-5.1.0.RELEASE.jar;C:\Users\CAF\.m2\repository\org\springframework\spring-core\5.1.0.RELEASE\spring-core-5.1.0.RELEASE.jar;C:\Users\CAF\.m2\repository\org\springframework\spring-jcl\5.1.0.RELEASE\spring-jcl-5.1.0.RELEASE.jar;C:\Users\CAF\.m2\repository\org\springframework\spring-expression\5.1.0.RELEASE\spring-expression-5.1.0.RELEASE.jar;C:\Users\CAF\.m2\repository\org\aspectj\aspectjweaver\1.9.1\aspectjweaver-1.9.1.jar;C:\Users\CAF\.m2\repository\org\slf4j\slf4j-api\1.7.25\slf4j-api-1.7.25.jar;C:\Users\CAF\.m2\repository\com\browserstack\browserstack-local-java\1.0.3\browserstack-local-java-1.0.3.jar;C:\Users\CAF\.m2\repository\org\json\json\20160212\json-20160212.jar;C:\Users\CAF\.m2\repository\com\googlecode\json-simple\json-simple\1.1.1\json-simple-1.1.1.jar;C:\Users\CAF\.m2\repository\junit\junit\4.10\junit-4.10.jar;C:\Users\CAF\.m2\repository\org\hamcrest\hamcrest-core\1.1\hamcrest-core-1.1.jar;"/>
    <property name="java.vm.vendor" value="Oracle Corporation"/>
    <property name="sun.arch.data.model" value="64"/>
    <property name="user.variant" value=""/>
    <property name="java.vendor.url" value="http://java.oracle.com/"/>
    <property name="user.timezone" value="America/Sao_Paulo"/>
    <property name="java.vm.specification.version" value="1.8"/>
    <property name="os.name" value="Windows 10"/>
    <property name="user.country" value="BR"/>
    <property name="sun.java.launcher" value="SUN_STANDARD"/>
    <property name="sun.boot.library.path" value="C:\Program Files\Java\jdk1.8.0_202\jre\bin"/>
    <property name="sun.java.command" value="C:\Users\CAF\AppData\Local\Temp\surefire5223671730723403508\surefirebooter1107110474594143354.jar C:\Users\CAF\AppData\Local\Temp\surefire5223671730723403508 2022-09-13T17-19-28_464-jvmRun1 surefire6774274358044506052tmp surefire_02451234417389886744tmp"/>
    <property name="surefire.test.class.path" value="C:\Users\CAF\Documents\Miguel&apos;s Projects\automatedTests\junit-appium-app-browserstack\android\junit5-examples\target\test-classes;C:\Users\CAF\Documents\Miguel&apos;s Projects\automatedTests\junit-appium-app-browserstack\android\junit5-examples\target\classes;C:\Users\CAF\.m2\repository\org\junit\jupiter\junit-jupiter-engine\5.5.2\junit-jupiter-engine-5.5.2.jar;C:\Users\CAF\.m2\repository\org\apiguardian\apiguardian-api\1.1.0\apiguardian-api-1.1.0.jar;C:\Users\CAF\.m2\repository\org\junit\platform\junit-platform-engine\1.5.2\junit-platform-engine-1.5.2.jar;C:\Users\CAF\.m2\repository\org\opentest4j\opentest4j\1.2.0\opentest4j-1.2.0.jar;C:\Users\CAF\.m2\repository\org\junit\platform\junit-platform-commons\1.5.2\junit-platform-commons-1.5.2.jar;C:\Users\CAF\.m2\repository\org\junit\jupiter\junit-jupiter-api\5.5.2\junit-jupiter-api-5.5.2.jar;C:\Users\CAF\.m2\repository\org\junit\jupiter\junit-jupiter-params\5.5.2\junit-jupiter-params-5.5.2.jar;C:\Users\CAF\.m2\repository\commons-io\commons-io\1.3.2\commons-io-1.3.2.jar;C:\Users\CAF\.m2\repository\org\seleniumhq\selenium\selenium-java\3.141.59\selenium-java-3.141.59.jar;C:\Users\CAF\.m2\repository\org\seleniumhq\selenium\selenium-api\3.141.59\selenium-api-3.141.59.jar;C:\Users\CAF\.m2\repository\org\seleniumhq\selenium\selenium-chrome-driver\3.141.59\selenium-chrome-driver-3.141.59.jar;C:\Users\CAF\.m2\repository\org\seleniumhq\selenium\selenium-edge-driver\3.141.59\selenium-edge-driver-3.141.59.jar;C:\Users\CAF\.m2\repository\org\seleniumhq\selenium\selenium-firefox-driver\3.141.59\selenium-firefox-driver-3.141.59.jar;C:\Users\CAF\.m2\repository\org\seleniumhq\selenium\selenium-ie-driver\3.141.59\selenium-ie-driver-3.141.59.jar;C:\Users\CAF\.m2\repository\org\seleniumhq\selenium\selenium-opera-driver\3.141.59\selenium-opera-driver-3.141.59.jar;C:\Users\CAF\.m2\repository\org\seleniumhq\selenium\selenium-remote-driver\3.141.59\selenium-remote-driver-3.141.59.jar;C:\Users\CAF\.m2\repository\org\seleniumhq\selenium\selenium-safari-driver\3.141.59\selenium-safari-driver-3.141.59.jar;C:\Users\CAF\.m2\repository\org\seleniumhq\selenium\selenium-support\3.141.59\selenium-support-3.141.59.jar;C:\Users\CAF\.m2\repository\net\bytebuddy\byte-buddy\1.8.15\byte-buddy-1.8.15.jar;C:\Users\CAF\.m2\repository\org\apache\commons\commons-exec\1.3\commons-exec-1.3.jar;C:\Users\CAF\.m2\repository\com\google\guava\guava\25.0-jre\guava-25.0-jre.jar;C:\Users\CAF\.m2\repository\com\google\code\findbugs\jsr305\1.3.9\jsr305-1.3.9.jar;C:\Users\CAF\.m2\repository\org\checkerframework\checker-compat-qual\2.0.0\checker-compat-qual-2.0.0.jar;C:\Users\CAF\.m2\repository\com\google\errorprone\error_prone_annotations\2.1.3\error_prone_annotations-2.1.3.jar;C:\Users\CAF\.m2\repository\com\google\j2objc\j2objc-annotations\1.1\j2objc-annotations-1.1.jar;C:\Users\CAF\.m2\repository\org\codehaus\mojo\animal-sniffer-annotations\1.14\animal-sniffer-annotations-1.14.jar;C:\Users\CAF\.m2\repository\com\squareup\okhttp3\okhttp\3.11.0\okhttp-3.11.0.jar;C:\Users\CAF\.m2\repository\com\squareup\okio\okio\1.14.0\okio-1.14.0.jar;C:\Users\CAF\.m2\repository\io\appium\java-client\7.0.0\java-client-7.0.0.jar;C:\Users\CAF\.m2\repository\com\google\code\gson\gson\2.8.5\gson-2.8.5.jar;C:\Users\CAF\.m2\repository\org\apache\httpcomponents\httpclient\4.5.6\httpclient-4.5.6.jar;C:\Users\CAF\.m2\repository\org\apache\httpcomponents\httpcore\4.4.10\httpcore-4.4.10.jar;C:\Users\CAF\.m2\repository\commons-logging\commons-logging\1.2\commons-logging-1.2.jar;C:\Users\CAF\.m2\repository\commons-codec\commons-codec\1.10\commons-codec-1.10.jar;C:\Users\CAF\.m2\repository\cglib\cglib\3.2.8\cglib-3.2.8.jar;C:\Users\CAF\.m2\repository\org\ow2\asm\asm\6.2.1\asm-6.2.1.jar;C:\Users\CAF\.m2\repository\org\apache\ant\ant\1.10.3\ant-1.10.3.jar;C:\Users\CAF\.m2\repository\org\apache\ant\ant-launcher\1.10.3\ant-launcher-1.10.3.jar;C:\Users\CAF\.m2\repository\commons-validator\commons-validator\1.6\commons-validator-1.6.jar;C:\Users\CAF\.m2\repository\commons-beanutils\commons-beanutils\1.9.2\commons-beanutils-1.9.2.jar;C:\Users\CAF\.m2\repository\commons-digester\commons-digester\1.8.1\commons-digester-1.8.1.jar;C:\Users\CAF\.m2\repository\commons-collections\commons-collections\3.2.2\commons-collections-3.2.2.jar;C:\Users\CAF\.m2\repository\org\apache\commons\commons-lang3\3.8\commons-lang3-3.8.jar;C:\Users\CAF\.m2\repository\org\springframework\spring-context\5.1.0.RELEASE\spring-context-5.1.0.RELEASE.jar;C:\Users\CAF\.m2\repository\org\springframework\spring-aop\5.1.0.RELEASE\spring-aop-5.1.0.RELEASE.jar;C:\Users\CAF\.m2\repository\org\springframework\spring-beans\5.1.0.RELEASE\spring-beans-5.1.0.RELEASE.jar;C:\Users\CAF\.m2\repository\org\springframework\spring-core\5.1.0.RELEASE\spring-core-5.1.0.RELEASE.jar;C:\Users\CAF\.m2\repository\org\springframework\spring-jcl\5.1.0.RELEASE\spring-jcl-5.1.0.RELEASE.jar;C:\Users\CAF\.m2\repository\org\springframework\spring-expression\5.1.0.RELEASE\spring-expression-5.1.0.RELEASE.jar;C:\Users\CAF\.m2\repository\org\aspectj\aspectjweaver\1.9.1\aspectjweaver-1.9.1.jar;C:\Users\CAF\.m2\repository\org\slf4j\slf4j-api\1.7.25\slf4j-api-1.7.25.jar;C:\Users\CAF\.m2\repository\com\browserstack\browserstack-local-java\1.0.3\browserstack-local-java-1.0.3.jar;C:\Users\CAF\.m2\repository\org\json\json\20160212\json-20160212.jar;C:\Users\CAF\.m2\repository\com\googlecode\json-simple\json-simple\1.1.1\json-simple-1.1.1.jar;C:\Users\CAF\.m2\repository\junit\junit\4.10\junit-4.10.jar;C:\Users\CAF\.m2\repository\org\hamcrest\hamcrest-core\1.1\hamcrest-core-1.1.jar;"/>
    <property name="sun.cpu.endian" value="little"/>
    <property name="user.home" value="C:\Users\CAF"/>
    <property name="user.language" value="pt"/>
    <property name="java.specification.vendor" value="Oracle Corporation"/>
    <property name="java.home" value="C:\Program Files\Java\jdk1.8.0_202\jre"/>
    <property name="basedir" value="C:\Users\CAF\Documents\Miguel&apos;s Projects\automatedTests\junit-appium-app-browserstack\android\junit5-examples"/>
    <property name="file.separator" value="\"/>
    <property name="line.separator" value="&#10;"/>
    <property name="java.vm.specification.vendor" value="Oracle Corporation"/>
    <property name="java.specification.name" value="Java Platform API Specification"/>
    <property name="java.awt.graphicsenv" value="sun.awt.Win32GraphicsEnvironment"/>
    <property name="surefire.real.class.path" value="C:\Users\CAF\AppData\Local\Temp\surefire5223671730723403508\surefirebooter1107110474594143354.jar"/>
    <property name="sun.boot.class.path" value="C:\Program Files\Java\jdk1.8.0_202\jre\lib\resources.jar;C:\Program Files\Java\jdk1.8.0_202\jre\lib\rt.jar;C:\Program Files\Java\jdk1.8.0_202\jre\lib\sunrsasign.jar;C:\Program Files\Java\jdk1.8.0_202\jre\lib\jsse.jar;C:\Program Files\Java\jdk1.8.0_202\jre\lib\jce.jar;C:\Program Files\Java\jdk1.8.0_202\jre\lib\charsets.jar;C:\Program Files\Java\jdk1.8.0_202\jre\lib\jfr.jar;C:\Program Files\Java\jdk1.8.0_202\jre\classes"/>
    <property name="user.script" value=""/>
    <property name="sun.management.compiler" value="HotSpot 64-Bit Tiered Compilers"/>
    <property name="java.runtime.version" value="1.8.0_202-b08"/>
    <property name="user.name" value="CAF"/>
    <property name="path.separator" value=";"/>
    <property name="os.version" value="10.0"/>
    <property name="java.endorsed.dirs" value="C:\Program Files\Java\jdk1.8.0_202\jre\lib\endorsed"/>
    <property name="java.runtime.name" value="Java(TM) SE Runtime Environment"/>
    <property name="file.encoding" value="Cp1252"/>
    <property name="java.vm.name" value="Java HotSpot(TM) 64-Bit Server VM"/>
    <property name="localRepository" value="C:\Users\CAF\.m2\repository"/>
    <property name="java.vendor.url.bug" value="http://bugreport.sun.com/bugreport/"/>
    <property name="java.io.tmpdir" value="C:\Users\CAF\AppData\Local\Temp\"/>
    <property name="java.version" value="1.8.0_202"/>
    <property name="user.dir" value="C:\Users\CAF\Documents\Miguel&apos;s Projects\automatedTests\junit-appium-app-browserstack\android\junit5-examples"/>
    <property name="os.arch" value="amd64"/>
    <property name="java.vm.specification.name" value="Java Virtual Machine Specification"/>
    <property name="java.awt.printerjob" value="sun.awt.windows.WPrinterJob"/>
    <property name="sun.os.patch.level" value=""/>
    <property name="java.library.path" value="C:\Program Files\Java\jdk1.8.0_202\jre\bin;C:\WINDOWS\Sun\Java\bin;C:\WINDOWS\system32;C:\WINDOWS;C:\Program Files (x86)\Common Files\Oracle\Java\javapath;C:\Windows\system32;C:\Windows;C:\Windows\System32\Wbem;C:\Windows\System32\WindowsPowerShell\v1.0\;C:\Windows\System32\OpenSSH\;C:\Program Files\NVIDIA Corporation\NVIDIA NvDLISR;C:\Program Files (x86)\NVIDIA Corporation\PhysX\Common;C:\Program Files\Git\cmd;C:\WINDOWS\system32;C:\WINDOWS;C:\WINDOWS\System32\Wbem;C:\WINDOWS\System32\WindowsPowerShell\v1.0\;C:\WINDOWS\System32\OpenSSH\;C:\ProgramData\chocolatey\bin;C:\Program Files\nodejs\;C:\Program Files\OpenJDK\openjdk-11.0.14.1_1\bin;C:\Users\CAF\AppData\Local\Microsoft\WindowsApps;C:\src\flutter\bin;C:\Users\CAF\AppData\Local\GitHubDesktop\bin;C:\Users\CAF\AppData\Local\Programs\Microsoft VS Code\bin;C:\Users\CAF\.jdks\corretto-1.8.0_302\bin;C:\Users\CAF\AppData\Local\Android\Sdk\platform-tools;C:\apache-maven-3.8.5-bin\apache-maven-3.8.5\bin;;C:\Program Files\JetBrains\IntelliJ IDEA Community Edition 2021.3.3\bin;;C:\Users\CAF\AppData\Roaming\npm;."/>
    <property name="java.vm.info" value="mixed mode"/>
    <property name="java.vendor" value="Oracle Corporation"/>
    <property name="java.vm.version" value="25.202-b08"/>
    <property name="java.ext.dirs" value="C:\Program Files\Java\jdk1.8.0_202\jre\lib\ext;C:\WINDOWS\Sun\Java\lib\ext"/>
    <property name="sun.io.unicode.encoding" value="UnicodeLittle"/>
    <property name="java.class.version" value="52.0"/>
  </properties>
  <testcase name="test{int}[1]" classname="com.browserstack.run_first_test.FirstTest" time="26.3">
    <error message="An element could not be located on the page using the given search parameters. (WARNING: The server did not provide any stacktrace information)&#10;Command duration or timeout: 0 milliseconds&#10;For documentation on this error, please visit: https://www.seleniumhq.org/exceptions/no_such_element.html&#10;Build info: version: &apos;3.141.59&apos;, revision: &apos;e82be7d358&apos;, time: &apos;2018-11-14T08:17:03&apos;&#10;System info: host: &apos;INSPIRION15&apos;, ip: &apos;192.168.1.100&apos;, os.name: &apos;Windows 10&apos;, os.arch: &apos;amd64&apos;, os.version: &apos;10.0&apos;, java.version: &apos;1.8.0_202&apos;&#10;Driver info: io.appium.java_client.android.AndroidDriver&#10;Capabilities {64bit: false, acceptSslCert: false, acceptSslCerts: false, adbExecTimeout: 120000, appActivity: com.combateafraude.demo.Sta..., appPackage: com.combateafraude.demo, automationName: uiautomator2, browserstack.appium_version: 1.17.0, browserstack.is_hub_canary: false, browserstack.minOSVersion: 5.0, buildName: browserstack-build-1, bundleID: com.combateafraude.demo, bundleId: com.combateafraude.demo, capabilities: {64bit: false, acceptSslCert: false, acceptSslCerts: false, adbExecTimeout: 120000, appActivity: com.combateafraude.demo.Sta..., appPackage: com.combateafraude.demo, automationName: uiautomator2, browserstack.appium_version: 1.17.0, browserstack.is_hub_canary: false, browserstack.minOSVersion: 5.0, buildName: browserstack-build-1, bundleID: com.combateafraude.demo, bundleId: com.combateafraude.demo, chromeOptions: {w3c: false}, chromedriverPort: 18080, chromedriverPorts: [[18100, 18110]], databaseEnabled: false, detected_language: selenium/3.141.59 (java win..., device: huawei p30, deviceApiLevel: 28, deviceManufacturer: HUAWEI, deviceModel: ELE-L09, deviceName: WCV5T19318001858, deviceScreenDensity: 480, deviceScreenSize: 1080x2340, deviceUDID: WCV5T19318001858, disableSuppressAccessibilityService: true, enablePerformanceLogging: false, javascriptEnabled: true, locationContextEnabled: false, mobile: {browser: mobile, version: Huawei P30-9.0}, nativeWebScreenshot: true, networkConnectionEnabled: true, newCommandTimeout: 0, new_bucketing: true, orig_os: android, osVersion: 9.0, os_version: 9.0, pixelRatio: 3, platform: ANDROID, platformName: Android, platformVersion: 9, projectName: First Junit5 Android Project, realMobile: true, sessionId: 1c3ad2dfd9b70c78ad910b3f548..., sessionName: TypeAny_Session, skipServerInstallation: true, statBarHeight: 75, systemPort: 8200, takesScreenshot: true, udid: WCV5T19318001858, uiautomator2ServerLaunchTimeout: 60000, version: , viewportRect: {height: 2064, left: 0, top: 75, width: 1080}, warnings: {}, webStorageEnabled: false}, chromeOptions: {w3c: false}, chromedriverPort: 18080, chromedriverPorts: [[18100, 18110]], databaseEnabled: false, detected_language: selenium/3.141.59 (java win..., device: huawei p30, deviceApiLevel: 28, deviceManufacturer: HUAWEI, deviceModel: ELE-L09, deviceName: WCV5T19318001858, deviceScreenDensity: 480, deviceScreenSize: 1080x2340, deviceUDID: WCV5T19318001858, disableSuppressAccessibilityService: true, enablePerformanceLogging: false, javascriptEnabled: true, locationContextEnabled: false, mobile: {browser: mobile, version: Huawei P30-9.0}, nativeWebScreenshot: true, networkConnectionEnabled: true, newCommandTimeout: 0, new_bucketing: true, orig_os: android, osVersion: 9.0, os_version: 9.0, pixelRatio: 3, platform: ANDROID, platformName: Android, platformVersion: 9, projectName: First Junit5 Android Project, realMobile: true, sessionId: 1c3ad2dfd9b70c78ad910b3f548..., sessionName: TypeAny_Session, skipServerInstallation: true, statBarHeight: 75, systemPort: 8200, takesScreenshot: true, udid: WCV5T19318001858, uiautomator2ServerLaunchTimeout: 60000, version: , viewportRect: {height: 2064, left: 0, top: 75, width: 1080}, warnings: {}, webStorageEnabled: false}&#10;Session ID: 1c3ad2dfd9b70c78ad910b3f548a101184a12092&#10;*** Element info: {Using=xpath, value=//*[@text=&apos;Allow&apos;]}" type="org.openqa.selenium.NoSuchElementException">org.openqa.selenium.NoSuchElementException: 
An element could not be located on the page using the given search parameters. (WARNING: The server did not provide any stacktrace information)
Command duration or timeout: 0 milliseconds
For documentation on this error, please visit: https://www.seleniumhq.org/exceptions/no_such_element.html
Build info: version: '3.141.59', revision: 'e82be7d358', time: '2018-11-14T08:17:03'
System info: host: 'INSPIRION15', ip: '192.168.1.100', os.name: 'Windows 10', os.arch: 'amd64', os.version: '10.0', java.version: '1.8.0_202'
Driver info: io.appium.java_client.android.AndroidDriver
Capabilities {64bit: false, acceptSslCert: false, acceptSslCerts: false, adbExecTimeout: 120000, appActivity: com.combateafraude.demo.Sta..., appPackage: com.combateafraude.demo, automationName: uiautomator2, browserstack.appium_version: 1.17.0, browserstack.is_hub_canary: false, browserstack.minOSVersion: 5.0, buildName: browserstack-build-1, bundleID: com.combateafraude.demo, bundleId: com.combateafraude.demo, capabilities: {64bit: false, acceptSslCert: false, acceptSslCerts: false, adbExecTimeout: 120000, appActivity: com.combateafraude.demo.Sta..., appPackage: com.combateafraude.demo, automationName: uiautomator2, browserstack.appium_version: 1.17.0, browserstack.is_hub_canary: false, browserstack.minOSVersion: 5.0, buildName: browserstack-build-1, bundleID: com.combateafraude.demo, bundleId: com.combateafraude.demo, chromeOptions: {w3c: false}, chromedriverPort: 18080, chromedriverPorts: [[18100, 18110]], databaseEnabled: false, detected_language: selenium/3.141.59 (java win..., device: huawei p30, deviceApiLevel: 28, deviceManufacturer: HUAWEI, deviceModel: ELE-L09, deviceName: WCV5T19318001858, deviceScreenDensity: 480, deviceScreenSize: 1080x2340, deviceUDID: WCV5T19318001858, disableSuppressAccessibilityService: true, enablePerformanceLogging: false, javascriptEnabled: true, locationContextEnabled: false, mobile: {browser: mobile, version: Huawei P30-9.0}, nativeWebScreenshot: true, networkConnectionEnabled: true, newCommandTimeout: 0, new_bucketing: true, orig_os: android, osVersion: 9.0, os_version: 9.0, pixelRatio: 3, platform: ANDROID, platformName: Android, platformVersion: 9, projectName: First Junit5 Android Project, realMobile: true, sessionId: 1c3ad2dfd9b70c78ad910b3f548..., sessionName: TypeAny_Session, skipServerInstallation: true, statBarHeight: 75, systemPort: 8200, takesScreenshot: true, udid: WCV5T19318001858, uiautomator2ServerLaunchTimeout: 60000, version: , viewportRect: {height: 2064, left: 0, top: 75, width: 1080}, warnings: {}, webStorageEnabled: false}, chromeOptions: {w3c: false}, chromedriverPort: 18080, chromedriverPorts: [[18100, 18110]], databaseEnabled: false, detected_language: selenium/3.141.59 (java win..., device: huawei p30, deviceApiLevel: 28, deviceManufacturer: HUAWEI, deviceModel: ELE-L09, deviceName: WCV5T19318001858, deviceScreenDensity: 480, deviceScreenSize: 1080x2340, deviceUDID: WCV5T19318001858, disableSuppressAccessibilityService: true, enablePerformanceLogging: false, javascriptEnabled: true, locationContextEnabled: false, mobile: {browser: mobile, version: Huawei P30-9.0}, nativeWebScreenshot: true, networkConnectionEnabled: true, newCommandTimeout: 0, new_bucketing: true, orig_os: android, osVersion: 9.0, os_version: 9.0, pixelRatio: 3, platform: ANDROID, platformName: Android, platformVersion: 9, projectName: First Junit5 Android Project, realMobile: true, sessionId: 1c3ad2dfd9b70c78ad910b3f548..., sessionName: TypeAny_Session, skipServerInstallation: true, statBarHeight: 75, systemPort: 8200, takesScreenshot: true, udid: WCV5T19318001858, uiautomator2ServerLaunchTimeout: 60000, version: , viewportRect: {height: 2064, left: 0, top: 75, width: 1080}, warnings: {}, webStorageEnabled: false}
Session ID: 1c3ad2dfd9b70c78ad910b3f548a101184a12092
*** Element info: {Using=xpath, value=//*[@text='Allow']}
	at com.browserstack.run_first_test.FirstTest.test(FirstTest.java:42)
</error>
    <system-err><![CDATA[set 13, 2022 5:19:50 PM io.appium.java_client.remote.AppiumCommandExecutor$1 lambda$0
INFORMAÇÕES: Detected dialect: OSS
set 13, 2022 5:19:52 PM io.appium.java_client.remote.AppiumCommandExecutor$1 lambda$0
INFORMAÇÕES: Detected dialect: OSS
]]></system-err>
  </testcase>
  <testcase name="test{int}[6]" classname="com.browserstack.run_first_test.FirstTest" time="44.584"/>
  <testcase name="test{int}[4]" classname="com.browserstack.run_first_test.FirstTest" time="48.061">
    <error message="An element could not be located on the page using the given search parameters. (WARNING: The server did not provide any stacktrace information)&#10;Command duration or timeout: 0 milliseconds&#10;For documentation on this error, please visit: https://www.seleniumhq.org/exceptions/no_such_element.html&#10;Build info: version: &apos;3.141.59&apos;, revision: &apos;e82be7d358&apos;, time: &apos;2018-11-14T08:17:03&apos;&#10;System info: host: &apos;INSPIRION15&apos;, ip: &apos;192.168.1.100&apos;, os.name: &apos;Windows 10&apos;, os.arch: &apos;amd64&apos;, os.version: &apos;10.0&apos;, java.version: &apos;1.8.0_202&apos;&#10;Driver info: io.appium.java_client.android.AndroidDriver&#10;Capabilities {64bit: false, acceptSslCert: false, acceptSslCerts: false, adbExecTimeout: 120000, appActivity: com.combateafraude.demo.Sta..., appPackage: com.combateafraude.demo, automationName: uiautomator2, browserstack.appium_version: 1.17.0, browserstack.is_hub_canary: false, browserstack.minOSVersion: 5.0, buildName: browserstack-build-1, bundleID: com.combateafraude.demo, bundleId: com.combateafraude.demo, capabilities: {64bit: false, acceptSslCert: false, acceptSslCerts: false, adbExecTimeout: 120000, appActivity: com.combateafraude.demo.Sta..., appPackage: com.combateafraude.demo, automationName: uiautomator2, browserstack.appium_version: 1.17.0, browserstack.is_hub_canary: false, browserstack.minOSVersion: 5.0, buildName: browserstack-build-1, bundleID: com.combateafraude.demo, bundleId: com.combateafraude.demo, chromeOptions: {w3c: false}, chromedriverPort: 18081, chromedriverPorts: [[18111, 18121]], databaseEnabled: false, detected_language: selenium/3.141.59 (java win..., device: samsung galaxy s8, deviceApiLevel: 24, deviceManufacturer: samsung, deviceModel: SM-G950F, deviceName: ce04171450e51cb60d, deviceScreenDensity: 640, deviceScreenSize: 1440x2960, deviceUDID: ce04171450e51cb60d, enablePerformanceLogging: false, javascriptEnabled: true, locationContextEnabled: false, mobile: {browser: mobile, version: Samsung Galaxy S8-7.0}, nativeWebScreenshot: true, networkConnectionEnabled: true, newCommandTimeout: 0, new_bucketing: true, orig_os: android, osVersion: 7.0, os_version: 7.0, pixelRatio: 4, platform: ANDROID, platformName: Android, platformVersion: 7.0, projectName: First Junit5 Android Project, realMobile: true, sessionId: 243777556369af66b222d7dd99a..., sessionName: TypeAny_Session, skipServerInstallation: true, statBarHeight: 96, systemPort: 8201, takesScreenshot: true, udid: ce04171450e51cb60d, uiautomator2ServerLaunchTimeout: 60000, version: , viewportRect: {height: 2672, left: 0, top: 96, width: 1440}, warnings: {}, webStorageEnabled: false}, chromeOptions: {w3c: false}, chromedriverPort: 18081, chromedriverPorts: [[18111, 18121]], databaseEnabled: false, detected_language: selenium/3.141.59 (java win..., device: samsung galaxy s8, deviceApiLevel: 24, deviceManufacturer: samsung, deviceModel: SM-G950F, deviceName: ce04171450e51cb60d, deviceScreenDensity: 640, deviceScreenSize: 1440x2960, deviceUDID: ce04171450e51cb60d, enablePerformanceLogging: false, javascriptEnabled: true, locationContextEnabled: false, mobile: {browser: mobile, version: Samsung Galaxy S8-7.0}, nativeWebScreenshot: true, networkConnectionEnabled: true, newCommandTimeout: 0, new_bucketing: true, orig_os: android, osVersion: 7.0, os_version: 7.0, pixelRatio: 4, platform: ANDROID, platformName: Android, platformVersion: 7.0, projectName: First Junit5 Android Project, realMobile: true, sessionId: 243777556369af66b222d7dd99a..., sessionName: TypeAny_Session, skipServerInstallation: true, statBarHeight: 96, systemPort: 8201, takesScreenshot: true, udid: ce04171450e51cb60d, uiautomator2ServerLaunchTimeout: 60000, version: , viewportRect: {height: 2672, left: 0, top: 96, width: 1440}, warnings: {}, webStorageEnabled: false}&#10;Session ID: 243777556369af66b222d7dd99a136888e180aaa&#10;*** Element info: {Using=xpath, value=//*[@text=&apos;Allow&apos;]}" type="org.openqa.selenium.NoSuchElementException">org.openqa.selenium.NoSuchElementException: 
An element could not be located on the page using the given search parameters. (WARNING: The server did not provide any stacktrace information)
Command duration or timeout: 0 milliseconds
For documentation on this error, please visit: https://www.seleniumhq.org/exceptions/no_such_element.html
Build info: version: '3.141.59', revision: 'e82be7d358', time: '2018-11-14T08:17:03'
System info: host: 'INSPIRION15', ip: '192.168.1.100', os.name: 'Windows 10', os.arch: 'amd64', os.version: '10.0', java.version: '1.8.0_202'
Driver info: io.appium.java_client.android.AndroidDriver
Capabilities {64bit: false, acceptSslCert: false, acceptSslCerts: false, adbExecTimeout: 120000, appActivity: com.combateafraude.demo.Sta..., appPackage: com.combateafraude.demo, automationName: uiautomator2, browserstack.appium_version: 1.17.0, browserstack.is_hub_canary: false, browserstack.minOSVersion: 5.0, buildName: browserstack-build-1, bundleID: com.combateafraude.demo, bundleId: com.combateafraude.demo, capabilities: {64bit: false, acceptSslCert: false, acceptSslCerts: false, adbExecTimeout: 120000, appActivity: com.combateafraude.demo.Sta..., appPackage: com.combateafraude.demo, automationName: uiautomator2, browserstack.appium_version: 1.17.0, browserstack.is_hub_canary: false, browserstack.minOSVersion: 5.0, buildName: browserstack-build-1, bundleID: com.combateafraude.demo, bundleId: com.combateafraude.demo, chromeOptions: {w3c: false}, chromedriverPort: 18081, chromedriverPorts: [[18111, 18121]], databaseEnabled: false, detected_language: selenium/3.141.59 (java win..., device: samsung galaxy s8, deviceApiLevel: 24, deviceManufacturer: samsung, deviceModel: SM-G950F, deviceName: ce04171450e51cb60d, deviceScreenDensity: 640, deviceScreenSize: 1440x2960, deviceUDID: ce04171450e51cb60d, enablePerformanceLogging: false, javascriptEnabled: true, locationContextEnabled: false, mobile: {browser: mobile, version: Samsung Galaxy S8-7.0}, nativeWebScreenshot: true, networkConnectionEnabled: true, newCommandTimeout: 0, new_bucketing: true, orig_os: android, osVersion: 7.0, os_version: 7.0, pixelRatio: 4, platform: ANDROID, platformName: Android, platformVersion: 7.0, projectName: First Junit5 Android Project, realMobile: true, sessionId: 243777556369af66b222d7dd99a..., sessionName: TypeAny_Session, skipServerInstallation: true, statBarHeight: 96, systemPort: 8201, takesScreenshot: true, udid: ce04171450e51cb60d, uiautomator2ServerLaunchTimeout: 60000, version: , viewportRect: {height: 2672, left: 0, top: 96, width: 1440}, warnings: {}, webStorageEnabled: false}, chromeOptions: {w3c: false}, chromedriverPort: 18081, chromedriverPorts: [[18111, 18121]], databaseEnabled: false, detected_language: selenium/3.141.59 (java win..., device: samsung galaxy s8, deviceApiLevel: 24, deviceManufacturer: samsung, deviceModel: SM-G950F, deviceName: ce04171450e51cb60d, deviceScreenDensity: 640, deviceScreenSize: 1440x2960, deviceUDID: ce04171450e51cb60d, enablePerformanceLogging: false, javascriptEnabled: true, locationContextEnabled: false, mobile: {browser: mobile, version: Samsung Galaxy S8-7.0}, nativeWebScreenshot: true, networkConnectionEnabled: true, newCommandTimeout: 0, new_bucketing: true, orig_os: android, osVersion: 7.0, os_version: 7.0, pixelRatio: 4, platform: ANDROID, platformName: Android, platformVersion: 7.0, projectName: First Junit5 Android Project, realMobile: true, sessionId: 243777556369af66b222d7dd99a..., sessionName: TypeAny_Session, skipServerInstallation: true, statBarHeight: 96, systemPort: 8201, takesScreenshot: true, udid: ce04171450e51cb60d, uiautomator2ServerLaunchTimeout: 60000, version: , viewportRect: {height: 2672, left: 0, top: 96, width: 1440}, warnings: {}, webStorageEnabled: false}
Session ID: 243777556369af66b222d7dd99a136888e180aaa
*** Element info: {Using=xpath, value=//*[@text='Allow']}
	at com.browserstack.run_first_test.FirstTest.test(FirstTest.java:42)
</error>
  </testcase>
  <testcase name="test{int}[3]" classname="com.browserstack.run_first_test.FirstTest" time="69.71">
    <error message="An element could not be located on the page using the given search parameters. (WARNING: The server did not provide any stacktrace information)&#10;Command duration or timeout: 0 milliseconds&#10;For documentation on this error, please visit: https://www.seleniumhq.org/exceptions/no_such_element.html&#10;Build info: version: &apos;3.141.59&apos;, revision: &apos;e82be7d358&apos;, time: &apos;2018-11-14T08:17:03&apos;&#10;System info: host: &apos;INSPIRION15&apos;, ip: &apos;192.168.1.100&apos;, os.name: &apos;Windows 10&apos;, os.arch: &apos;amd64&apos;, os.version: &apos;10.0&apos;, java.version: &apos;1.8.0_202&apos;&#10;Driver info: io.appium.java_client.android.AndroidDriver&#10;Capabilities {64bit: false, acceptSslCert: false, acceptSslCerts: false, adbExecTimeout: 120000, appActivity: com.combateafraude.demo.Sta..., appPackage: com.combateafraude.demo, automationName: uiautomator2, browserstack.appium_version: 1.17.0, browserstack.is_hub_canary: false, browserstack.minOSVersion: 5.0, buildName: browserstack-build-1, bundleID: com.combateafraude.demo, bundleId: com.combateafraude.demo, capabilities: {64bit: false, acceptSslCert: false, acceptSslCerts: false, adbExecTimeout: 120000, appActivity: com.combateafraude.demo.Sta..., appPackage: com.combateafraude.demo, automationName: uiautomator2, browserstack.appium_version: 1.17.0, browserstack.is_hub_canary: false, browserstack.minOSVersion: 5.0, buildName: browserstack-build-1, bundleID: com.combateafraude.demo, bundleId: com.combateafraude.demo, chromeOptions: {w3c: false}, chromedriverPort: 18080, chromedriverPorts: [[18100, 18110]], databaseEnabled: false, detected_language: selenium/3.141.59 (java win..., device: google pixel, deviceApiLevel: 25, deviceManufacturer: Google, deviceModel: Pixel, deviceName: FA75F0301177, deviceScreenDensity: 420, deviceScreenSize: 1080x1920, deviceUDID: FA75F0301177, enablePerformanceLogging: false, javascriptEnabled: true, locationContextEnabled: false, mobile: {browser: mobile, version: Google Pixel-7.1}, nativeWebScreenshot: true, networkConnectionEnabled: true, newCommandTimeout: 0, new_bucketing: true, orig_os: android, osVersion: 7.1, os_version: 7.1, pixelRatio: 2.625, platform: ANDROID, platformName: Android, platformVersion: 7.1, projectName: First Junit5 Android Project, realMobile: true, sessionId: fd1555148c76b86af8c7048c7c7..., sessionName: TypeAny_Session, skipServerInstallation: true, statBarHeight: 63, systemPort: 8200, takesScreenshot: true, udid: FA75F0301177, uiautomator2ServerLaunchTimeout: 60000, version: , viewportRect: {height: 1731, left: 0, top: 63, width: 1080}, warnings: {}, webStorageEnabled: false}, chromeOptions: {w3c: false}, chromedriverPort: 18080, chromedriverPorts: [[18100, 18110]], databaseEnabled: false, detected_language: selenium/3.141.59 (java win..., device: google pixel, deviceApiLevel: 25, deviceManufacturer: Google, deviceModel: Pixel, deviceName: FA75F0301177, deviceScreenDensity: 420, deviceScreenSize: 1080x1920, deviceUDID: FA75F0301177, enablePerformanceLogging: false, javascriptEnabled: true, locationContextEnabled: false, mobile: {browser: mobile, version: Google Pixel-7.1}, nativeWebScreenshot: true, networkConnectionEnabled: true, newCommandTimeout: 0, new_bucketing: true, orig_os: android, osVersion: 7.1, os_version: 7.1, pixelRatio: 2.625, platform: ANDROID, platformName: Android, platformVersion: 7.1, projectName: First Junit5 Android Project, realMobile: true, sessionId: fd1555148c76b86af8c7048c7c7..., sessionName: TypeAny_Session, skipServerInstallation: true, statBarHeight: 63, systemPort: 8200, takesScreenshot: true, udid: FA75F0301177, uiautomator2ServerLaunchTimeout: 60000, version: , viewportRect: {height: 1731, left: 0, top: 63, width: 1080}, warnings: {}, webStorageEnabled: false}&#10;Session ID: fd1555148c76b86af8c7048c7c78b71ff3ac5f87&#10;*** Element info: {Using=xpath, value=//*[@text=&apos;Allow&apos;]}" type="org.openqa.selenium.NoSuchElementException">org.openqa.selenium.NoSuchElementException: 
An element could not be located on the page using the given search parameters. (WARNING: The server did not provide any stacktrace information)
Command duration or timeout: 0 milliseconds
For documentation on this error, please visit: https://www.seleniumhq.org/exceptions/no_such_element.html
Build info: version: '3.141.59', revision: 'e82be7d358', time: '2018-11-14T08:17:03'
System info: host: 'INSPIRION15', ip: '192.168.1.100', os.name: 'Windows 10', os.arch: 'amd64', os.version: '10.0', java.version: '1.8.0_202'
Driver info: io.appium.java_client.android.AndroidDriver
Capabilities {64bit: false, acceptSslCert: false, acceptSslCerts: false, adbExecTimeout: 120000, appActivity: com.combateafraude.demo.Sta..., appPackage: com.combateafraude.demo, automationName: uiautomator2, browserstack.appium_version: 1.17.0, browserstack.is_hub_canary: false, browserstack.minOSVersion: 5.0, buildName: browserstack-build-1, bundleID: com.combateafraude.demo, bundleId: com.combateafraude.demo, capabilities: {64bit: false, acceptSslCert: false, acceptSslCerts: false, adbExecTimeout: 120000, appActivity: com.combateafraude.demo.Sta..., appPackage: com.combateafraude.demo, automationName: uiautomator2, browserstack.appium_version: 1.17.0, browserstack.is_hub_canary: false, browserstack.minOSVersion: 5.0, buildName: browserstack-build-1, bundleID: com.combateafraude.demo, bundleId: com.combateafraude.demo, chromeOptions: {w3c: false}, chromedriverPort: 18080, chromedriverPorts: [[18100, 18110]], databaseEnabled: false, detected_language: selenium/3.141.59 (java win..., device: google pixel, deviceApiLevel: 25, deviceManufacturer: Google, deviceModel: Pixel, deviceName: FA75F0301177, deviceScreenDensity: 420, deviceScreenSize: 1080x1920, deviceUDID: FA75F0301177, enablePerformanceLogging: false, javascriptEnabled: true, locationContextEnabled: false, mobile: {browser: mobile, version: Google Pixel-7.1}, nativeWebScreenshot: true, networkConnectionEnabled: true, newCommandTimeout: 0, new_bucketing: true, orig_os: android, osVersion: 7.1, os_version: 7.1, pixelRatio: 2.625, platform: ANDROID, platformName: Android, platformVersion: 7.1, projectName: First Junit5 Android Project, realMobile: true, sessionId: fd1555148c76b86af8c7048c7c7..., sessionName: TypeAny_Session, skipServerInstallation: true, statBarHeight: 63, systemPort: 8200, takesScreenshot: true, udid: FA75F0301177, uiautomator2ServerLaunchTimeout: 60000, version: , viewportRect: {height: 1731, left: 0, top: 63, width: 1080}, warnings: {}, webStorageEnabled: false}, chromeOptions: {w3c: false}, chromedriverPort: 18080, chromedriverPorts: [[18100, 18110]], databaseEnabled: false, detected_language: selenium/3.141.59 (java win..., device: google pixel, deviceApiLevel: 25, deviceManufacturer: Google, deviceModel: Pixel, deviceName: FA75F0301177, deviceScreenDensity: 420, deviceScreenSize: 1080x1920, deviceUDID: FA75F0301177, enablePerformanceLogging: false, javascriptEnabled: true, locationContextEnabled: false, mobile: {browser: mobile, version: Google Pixel-7.1}, nativeWebScreenshot: true, networkConnectionEnabled: true, newCommandTimeout: 0, new_bucketing: true, orig_os: android, osVersion: 7.1, os_version: 7.1, pixelRatio: 2.625, platform: ANDROID, platformName: Android, platformVersion: 7.1, projectName: First Junit5 Android Project, realMobile: true, sessionId: fd1555148c76b86af8c7048c7c7..., sessionName: TypeAny_Session, skipServerInstallation: true, statBarHeight: 63, systemPort: 8200, takesScreenshot: true, udid: FA75F0301177, uiautomator2ServerLaunchTimeout: 60000, version: , viewportRect: {height: 1731, left: 0, top: 63, width: 1080}, warnings: {}, webStorageEnabled: false}
Session ID: fd1555148c76b86af8c7048c7c78b71ff3ac5f87
*** Element info: {Using=xpath, value=//*[@text='Allow']}
	at com.browserstack.run_first_test.FirstTest.test(FirstTest.java:42)
</error>
    <system-err><![CDATA[set 13, 2022 5:20:18 PM io.appium.java_client.remote.AppiumCommandExecutor$1 lambda$0
INFORMAÇÕES: Detected dialect: OSS
set 13, 2022 5:20:26 PM io.appium.java_client.remote.AppiumCommandExecutor$1 lambda$0
INFORMAÇÕES: Detected dialect: OSS
set 13, 2022 5:20:30 PM io.appium.java_client.remote.AppiumCommandExecutor$1 lambda$0
INFORMAÇÕES: Detected dialect: OSS
]]></system-err>
  </testcase>
  <testcase name="test{int}[5]" classname="com.browserstack.run_first_test.FirstTest" time="94.195">
    <error message="Expected condition failed: waiting for element to be clickable: By.xpath: //*[@text=&apos;OK, understood&apos;] (tried for 30 second(s) with 500 milliseconds interval)" type="org.openqa.selenium.TimeoutException">org.openqa.selenium.TimeoutException: Expected condition failed: waiting for element to be clickable: By.xpath: //*[@text='OK, understood'] (tried for 30 second(s) with 500 milliseconds interval)
	at com.browserstack.run_first_test.FirstTest.test(FirstTest.java:61)
Caused by: org.openqa.selenium.NoSuchElementException: 
An element could not be located on the page using the given search parameters. (WARNING: The server did not provide any stacktrace information)
Command duration or timeout: 0 milliseconds
For documentation on this error, please visit: https://www.seleniumhq.org/exceptions/no_such_element.html
Build info: version: '3.141.59', revision: 'e82be7d358', time: '2018-11-14T08:17:03'
System info: host: 'INSPIRION15', ip: '192.168.1.100', os.name: 'Windows 10', os.arch: 'amd64', os.version: '10.0', java.version: '1.8.0_202'
Driver info: io.appium.java_client.android.AndroidDriver
Capabilities {64bit: false, acceptSslCert: false, acceptSslCerts: false, adbExecTimeout: 120000, appActivity: com.combateafraude.demo.Sta..., appPackage: com.combateafraude.demo, automationName: uiautomator2, browserstack.appium_version: 1.17.0, browserstack.is_hub_canary: false, browserstack.minOSVersion: 5.0, buildName: browserstack-build-1, bundleID: com.combateafraude.demo, bundleId: com.combateafraude.demo, capabilities: {64bit: false, acceptSslCert: false, acceptSslCerts: false, adbExecTimeout: 120000, appActivity: com.combateafraude.demo.Sta..., appPackage: com.combateafraude.demo, automationName: uiautomator2, browserstack.appium_version: 1.17.0, browserstack.is_hub_canary: false, browserstack.minOSVersion: 5.0, buildName: browserstack-build-1, bundleID: com.combateafraude.demo, bundleId: com.combateafraude.demo, chromeOptions: {w3c: false}, chromedriverPort: 18082, chromedriverPorts: [[18122, 18132]], databaseEnabled: false, detected_language: selenium/3.141.59 (java win..., device: samsung galaxy s7, deviceApiLevel: 23, deviceManufacturer: samsung, deviceModel: SM-G930F, deviceName: ce11160b4453902301, deviceScreenDensity: 640, deviceScreenSize: 1440x2560, deviceUDID: ce11160b4453902301, enablePerformanceLogging: false, javascriptEnabled: true, locationContextEnabled: false, mobile: {browser: mobile, version: Samsung Galaxy S7-6.0}, nativeWebScreenshot: true, networkConnectionEnabled: true, newCommandTimeout: 0, new_bucketing: true, orig_os: android, osVersion: 6.0, os_version: 6.0, pixelRatio: 4, platform: ANDROID, platformName: Android, platformVersion: 6.0.1, projectName: First Junit5 Android Project, realMobile: true, sessionId: fcdd2dd58e5e06698ffb046f22b..., sessionName: TypeAny_Session, skipServerInstallation: true, statBarHeight: 96, systemPort: 8202, takesScreenshot: true, udid: ce11160b4453902301, uiautomator2ServerLaunchTimeout: 60000, version: , viewportRect: {height: 2464, left: 0, top: 96, width: 1440}, warnings: {}, webStorageEnabled: false}, chromeOptions: {w3c: false}, chromedriverPort: 18082, chromedriverPorts: [[18122, 18132]], databaseEnabled: false, detected_language: selenium/3.141.59 (java win..., device: samsung galaxy s7, deviceApiLevel: 23, deviceManufacturer: samsung, deviceModel: SM-G930F, deviceName: ce11160b4453902301, deviceScreenDensity: 640, deviceScreenSize: 1440x2560, deviceUDID: ce11160b4453902301, enablePerformanceLogging: false, javascriptEnabled: true, locationContextEnabled: false, mobile: {browser: mobile, version: Samsung Galaxy S7-6.0}, nativeWebScreenshot: true, networkConnectionEnabled: true, newCommandTimeout: 0, new_bucketing: true, orig_os: android, osVersion: 6.0, os_version: 6.0, pixelRatio: 4, platform: ANDROID, platformName: Android, platformVersion: 6.0.1, projectName: First Junit5 Android Project, realMobile: true, sessionId: fcdd2dd58e5e06698ffb046f22b..., sessionName: TypeAny_Session, skipServerInstallation: true, statBarHeight: 96, systemPort: 8202, takesScreenshot: true, udid: ce11160b4453902301, uiautomator2ServerLaunchTimeout: 60000, version: , viewportRect: {height: 2464, left: 0, top: 96, width: 1440}, warnings: {}, webStorageEnabled: false}
Session ID: fcdd2dd58e5e06698ffb046f22b130049619443a
*** Element info: {Using=xpath, value=//*[@text='OK, understood']}
	at com.browserstack.run_first_test.FirstTest.test(FirstTest.java:61)
</error>
  </testcase>
  <testcase name="test{int}[2]" classname="com.browserstack.run_first_test.FirstTest" time="103.251">
    <error message="Expected condition failed: waiting for element to be clickable: By.xpath: //*[@text=&apos;OK, understood&apos;] (tried for 30 second(s) with 500 milliseconds interval)" type="org.openqa.selenium.TimeoutException">org.openqa.selenium.TimeoutException: Expected condition failed: waiting for element to be clickable: By.xpath: //*[@text='OK, understood'] (tried for 30 second(s) with 500 milliseconds interval)
	at com.browserstack.run_first_test.FirstTest.test(FirstTest.java:61)
Caused by: org.openqa.selenium.NoSuchElementException: 
An element could not be located on the page using the given search parameters. (WARNING: The server did not provide any stacktrace information)
Command duration or timeout: 0 milliseconds
For documentation on this error, please visit: https://www.seleniumhq.org/exceptions/no_such_element.html
Build info: version: '3.141.59', revision: 'e82be7d358', time: '2018-11-14T08:17:03'
System info: host: 'INSPIRION15', ip: '192.168.1.100', os.name: 'Windows 10', os.arch: 'amd64', os.version: '10.0', java.version: '1.8.0_202'
Driver info: io.appium.java_client.android.AndroidDriver
Capabilities {64bit: false, acceptSslCert: false, acceptSslCerts: false, adbExecTimeout: 120000, appActivity: com.combateafraude.demo.Sta..., appPackage: com.combateafraude.demo, automationName: uiautomator2, browserstack.appium_version: 1.17.0, browserstack.is_hub_canary: false, browserstack.minOSVersion: 5.0, buildName: browserstack-build-1, bundleID: com.combateafraude.demo, bundleId: com.combateafraude.demo, capabilities: {64bit: false, acceptSslCert: false, acceptSslCerts: false, adbExecTimeout: 120000, appActivity: com.combateafraude.demo.Sta..., appPackage: com.combateafraude.demo, automationName: uiautomator2, browserstack.appium_version: 1.17.0, browserstack.is_hub_canary: false, browserstack.minOSVersion: 5.0, buildName: browserstack-build-1, bundleID: com.combateafraude.demo, bundleId: com.combateafraude.demo, chromeOptions: {w3c: false}, chromedriverPort: 18084, chromedriverPorts: [[18144, 18154]], databaseEnabled: false, detected_language: selenium/3.141.59 (java win..., device: google nexus 6, deviceApiLevel: 23, deviceManufacturer: motorola, deviceModel: Nexus 6, deviceName: ZX1G425RZT, deviceScreenDensity: 560, deviceScreenSize: 1440x2560, deviceUDID: ZX1G425RZT, enablePerformanceLogging: false, javascriptEnabled: true, locationContextEnabled: false, mobile: {browser: mobile, version: Google Nexus 6-6.0}, nativeWebScreenshot: true, networkConnectionEnabled: true, newCommandTimeout: 0, new_bucketing: true, orig_os: android, osVersion: 6.0, os_version: 6.0, pixelRatio: 3.5, platform: ANDROID, platformName: Android, platformVersion: 6.0, projectName: First Junit5 Android Project, realMobile: true, sessionId: b618965f8c54c8410bb5a858c31..., sessionName: TypeAny_Session, skipServerInstallation: true, statBarHeight: 84, systemPort: 8204, takesScreenshot: true, udid: ZX1G425RZT, uiautomator2ServerLaunchTimeout: 60000, version: , viewportRect: {height: 2308, left: 0, top: 84, width: 1440}, warnings: {}, webStorageEnabled: false}, chromeOptions: {w3c: false}, chromedriverPort: 18084, chromedriverPorts: [[18144, 18154]], databaseEnabled: false, detected_language: selenium/3.141.59 (java win..., device: google nexus 6, deviceApiLevel: 23, deviceManufacturer: motorola, deviceModel: Nexus 6, deviceName: ZX1G425RZT, deviceScreenDensity: 560, deviceScreenSize: 1440x2560, deviceUDID: ZX1G425RZT, enablePerformanceLogging: false, javascriptEnabled: true, locationContextEnabled: false, mobile: {browser: mobile, version: Google Nexus 6-6.0}, nativeWebScreenshot: true, networkConnectionEnabled: true, newCommandTimeout: 0, new_bucketing: true, orig_os: android, osVersion: 6.0, os_version: 6.0, pixelRatio: 3.5, platform: ANDROID, platformName: Android, platformVersion: 6.0, projectName: First Junit5 Android Project, realMobile: true, sessionId: b618965f8c54c8410bb5a858c31..., sessionName: TypeAny_Session, skipServerInstallation: true, statBarHeight: 84, systemPort: 8204, takesScreenshot: true, udid: ZX1G425RZT, uiautomator2ServerLaunchTimeout: 60000, version: , viewportRect: {height: 2308, left: 0, top: 84, width: 1440}, warnings: {}, webStorageEnabled: false}
Session ID: b618965f8c54c8410bb5a858c3190fbbfd12bedb
*** Element info: {Using=xpath, value=//*[@text='OK, understood']}
	at com.browserstack.run_first_test.FirstTest.test(FirstTest.java:61)
</error>
  </testcase>
</testsuite>